<?xml version="1.0" encoding="UTF-8"?>
<!-- Generated by org.testng.reporters.JUnitXMLReporter -->
<testsuite ignored="3" hostname="Danish" failures="0" tests="1" name="Default test" time="43.572" errors="0" timestamp="2024-05-01T16:08:01 IST">
  <testcase classname="sourcefuse.TelescopeHealth" name="test1" time="15.303"/>
  <testcase classname="sourcefuse.TelescopeHealth" name="test3" time="0.0">
    <ignored/>
  </testcase> <!-- test3 -->
  <testcase classname="sourcefuse.TelescopeHealth" name="test4" time="0.0">
    <ignored/>
  </testcase> <!-- test4 -->
  <testcase classname="sourcefuse.TelescopeHealth" name="test2" time="0.0">
    <ignored/>
  </testcase> <!-- test2 -->
</testsuite> <!-- Default test -->
