<?xml version="1.0" encoding="UTF-8"?>
<!-- Generated by org.testng.reporters.JUnitXMLReporter -->
<testsuite ignored="0" hostname="Danish" failures="0" tests="4" name="Test" time="129.299" errors="0" timestamp="2024-05-01T15:47:37 IST">
  <testcase classname="sourcefuse.TelescopeHealth" name="test1" time="13.093"/>
  <testcase classname="sourcefuse.TelescopeHealth" name="test2" time="0.011"/>
  <testcase classname="sourcefuse.TelescopeHealth" name="test3" time="19.8"/>
  <testcase classname="sourcefuse.TelescopeHealth" name="test4" time="12.3"/>
</testsuite> <!-- Test -->
